Removed Pin From Net: NetName=PB0 Pin=P2-1
Removed Pin From Net: NetName=PB1 Pin=P2-2
Removed Pin From Net: NetName=PB2 Pin=P2-3
Removed Pin From Net: NetName=PB3 Pin=P2-4
Removed Pin From Net: NetName=PB4 Pin=P2-5
Removed Pin From Net: NetName=PB5 Pin=P2-6
Removed Pin From Net: NetName=PB6 Pin=P2-7
Removed Pin From Net: NetName=PB7 Pin=P2-8
Removed Pin From Net: NetName=PB8 Pin=P2-9
Removed Pin From Net: NetName=PB9 Pin=P2-10
Removed Pin From Net: NetName=PB10 Pin=P2-11
Removed Pin From Net: NetName=PB11 Pin=P2-12
Removed Pin From Net: NetName=PB12 Pin=P2-13
Removed Pin From Net: NetName=PB13 Pin=P2-14
Removed Pin From Net: NetName=PB14 Pin=P2-15
Removed Pin From Net: NetName=PB15 Pin=P2-16
Removed Pin From Net: NetName=PC11 Pin=P3-1
Removed Pin From Net: NetName=PC10 Pin=P3-2
Removed Pin From Net: NetName=PC3 Pin=P3-3
Removed Pin From Net: NetName=PC12 Pin=P3-4
Removed Pin From Net: NetName=PC4 Pin=P3-5
Removed Pin From Net: NetName=PC5 Pin=P3-6
Removed Pin From Net: NetName=PC6 Pin=P3-7
Removed Pin From Net: NetName=PC7 Pin=P3-8
Removed Pin From Net: NetName=PC8 Pin=P3-9
Removed Pin From Net: NetName=PC9 Pin=P3-10
Removed Pin From Net: NetName=PC0 Pin=P3-11
Removed Pin From Net: NetName=PC1 Pin=P3-12
Removed Pin From Net: NetName=PC2 Pin=P3-13
Removed Pin From Net: NetName=PC13 Pin=P3-14
Removed Member From Class: ClassName=U_Con_Dev Member=P2
Removed Member From Class: ClassName=U_Con_Dev Member=P3
Added Component: Designator=P4(HDR2X7)
Add component. Clean all parameters for all variants
Add component (AddParameter): Name = "LatestRevisionDate"; Value = "17-Jul-2002"; VariantName = "[No Variations]"
Add component (AddParameter): Name = "LatestRevisionNote"; Value = "Re-released for DXP Platform."; VariantName = "[No Variations]"
Add component (AddParameter): Name = "Publisher"; Value = "Altium Limited"; VariantName = "[No Variations]"
Added Component: Designator=P5(HDR2X8)
Add component. Clean all parameters for all variants
Add component (AddParameter): Name = "LatestRevisionDate"; Value = "17-Jul-2002"; VariantName = "[No Variations]"
Add component (AddParameter): Name = "LatestRevisionNote"; Value = "Re-released for DXP Platform."; VariantName = "[No Variations]"
Add component (AddParameter): Name = "Publisher"; Value = "Altium Limited"; VariantName = "[No Variations]"
Added Pin To Net: NetName=PC11 Pin=P4-1
Added Pin To Net: NetName=PC10 Pin=P4-2
Added Pin To Net: NetName=PC3 Pin=P4-3
Added Pin To Net: NetName=PC12 Pin=P4-4
Added Pin To Net: NetName=PC4 Pin=P4-5
Added Pin To Net: NetName=PC5 Pin=P4-6
Added Pin To Net: NetName=PC6 Pin=P4-7
Added Pin To Net: NetName=PC7 Pin=P4-8
Added Pin To Net: NetName=PC8 Pin=P4-9
Added Pin To Net: NetName=PC9 Pin=P4-10
Added Pin To Net: NetName=PC0 Pin=P4-11
Added Pin To Net: NetName=PC1 Pin=P4-12
Added Pin To Net: NetName=PC2 Pin=P4-13
Added Pin To Net: NetName=PC13 Pin=P4-14
Added Pin To Net: NetName=PB0 Pin=P5-1
Added Pin To Net: NetName=PB1 Pin=P5-2
Added Pin To Net: NetName=PB2 Pin=P5-3
Added Pin To Net: NetName=PB3 Pin=P5-4
Added Pin To Net: NetName=PB4 Pin=P5-5
Added Pin To Net: NetName=PB5 Pin=P5-6
Added Pin To Net: NetName=PB6 Pin=P5-7
Added Pin To Net: NetName=PB7 Pin=P5-8
Added Pin To Net: NetName=PB8 Pin=P5-9
Added Pin To Net: NetName=PB9 Pin=P5-10
Added Pin To Net: NetName=PB10 Pin=P5-11
Added Pin To Net: NetName=PB11 Pin=P5-12
Added Pin To Net: NetName=PB12 Pin=P5-13
Added Pin To Net: NetName=PB13 Pin=P5-14
Added Pin To Net: NetName=PB14 Pin=P5-15
Added Pin To Net: NetName=PB15 Pin=P5-16
Added Member To Class: ClassName=U_Con_Dev Member=Component P4 (P6) CAN
Added Member To Class: ClassName=U_Con_Dev Member=Component P5 (P7) SPI1
