Removed Pin From Net: NetName=PC3 Pin=P4-3
Removed Pin From Net: NetName=PC4 Pin=P4-5
Removed Pin From Net: NetName=PC5 Pin=P4-6
Removed Pin From Net: NetName=PC6 Pin=P4-7
Removed Pin From Net: NetName=PC7 Pin=P4-8
Removed Pin From Net: NetName=PB3 Pin=P5-4
Removed Pin From Net: NetName=PB4 Pin=P5-5
Removed Pin From Net: NetName=PB5 Pin=P5-6
Removed Pin From Net: NetName=PB6 Pin=P5-7
Removed Pin From Net: NetName=PB7 Pin=P5-8
Added Pin To Net: NetName=PB3 Pin=P4-3
Added Pin To Net: NetName=PB5 Pin=P4-5
Added Pin To Net: NetName=PB4 Pin=P4-6
Added Pin To Net: NetName=PB7 Pin=P4-7
Added Pin To Net: NetName=PB6 Pin=P4-8
Added Pin To Net: NetName=PC5 Pin=P5-4
Added Pin To Net: NetName=PC4 Pin=P5-5
Added Pin To Net: NetName=PC6 Pin=P5-6
Added Pin To Net: NetName=PC3 Pin=P5-7
Added Pin To Net: NetName=PC7 Pin=P5-8
Added Member To Class: ClassName=U_Con_Dev Member=Component P4 (P6) CAN
Added Member To Class: ClassName=U_Con_Dev Member=Component P5 (P7) SPI1
