Change Component Physical Designator: Old Designator=C? New Designator=C1
Change Component Physical Designator: Old Designator=C? New Designator=C2
Change Component Physical Designator: Old Designator=C? New Designator=C3
Change Component Physical Designator: Old Designator=C? New Designator=C4
Change Component Physical Designator: Old Designator=C? New Designator=C5
Change Component Physical Designator: Old Designator=C? New Designator=C6
Change Component Physical Designator: Old Designator=C? New Designator=C7
Change Component Physical Designator: Old Designator=C? New Designator=C8
Change Component Physical Designator: Old Designator=C? New Designator=C9
Change Component Physical Designator: Old Designator=C? New Designator=C10
Change Component Physical Designator: Old Designator=C? New Designator=C11
Change Component Physical Designator: Old Designator=C? New Designator=C12
Change Component Physical Designator: Old Designator=C? New Designator=C13
Change Component Physical Designator: Old Designator=C? New Designator=C14
Change Component Physical Designator: Old Designator=C? New Designator=C15
Change Component Physical Designator: Old Designator=C? New Designator=C16
Change Component Physical Designator: Old Designator=C? New Designator=C17
Change Component Physical Designator: Old Designator=D?_U_Con_Dev_Led1 New Designator=D1_U_Con_Dev_Led1
Change Component Physical Designator: Old Designator=D?_U_Con_Dev_Led1 New Designator=D2_U_Con_Dev_Led1
Change Component Physical Designator: Old Designator=D?_U_Con_Dev_Led1 New Designator=D3_U_Con_Dev_Led1
Change Component Physical Designator: Old Designator=D?_U_Con_Dev_Led2 New Designator=D1_U_Con_Dev_Led2
Change Component Physical Designator: Old Designator=D?_U_Con_Dev_Led2 New Designator=D2_U_Con_Dev_Led2
Change Component Physical Designator: Old Designator=D?_U_Con_Dev_Led2 New Designator=D3_U_Con_Dev_Led2
Change Component Physical Designator: Old Designator=F? New Designator=F1
Change Component Physical Designator: Old Designator=J? New Designator=J1
Change Component Physical Designator: Old Designator=P? New Designator=P1
Change Component Physical Designator: Old Designator=P? New Designator=P2
Change Component Physical Designator: Old Designator=Q?_U_Con_Dev_Led1 New Designator=Q1_U_Con_Dev_Led1
Change Component Physical Designator: Old Designator=Q?_U_Con_Dev_Led1 New Designator=Q2_U_Con_Dev_Led1
Change Component Physical Designator: Old Designator=Q?_U_Con_Dev_Led1 New Designator=Q3_U_Con_Dev_Led1
Change Component Physical Designator: Old Designator=Q?_U_Con_Dev_Led1 New Designator=Q4_U_Con_Dev_Led1
Change Component Physical Designator: Old Designator=Q?_U_Con_Dev_Led2 New Designator=Q1_U_Con_Dev_Led2
Change Component Physical Designator: Old Designator=Q?_U_Con_Dev_Led2 New Designator=Q2_U_Con_Dev_Led2
Change Component Physical Designator: Old Designator=Q?_U_Con_Dev_Led2 New Designator=Q3_U_Con_Dev_Led2
Change Component Physical Designator: Old Designator=Q?_U_Con_Dev_Led2 New Designator=Q4_U_Con_Dev_Led2
Change Component Physical Designator: Old Designator=R? New Designator=R1
Change Component Physical Designator: Old Designator=R? New Designator=R2
Change Component Physical Designator: Old Designator=R? New Designator=R3
Change Component Physical Designator: Old Designator=R? New Designator=R4
Change Component Physical Designator: Old Designator=R? New Designator=R5
Change Component Physical Designator: Old Designator=R?_U_Con_Dev_Btn1 New Designator=R6_U_Con_Dev_Btn1
Change Component Physical Designator: Old Designator=R?_U_Con_Dev_Btn1 New Designator=R7_U_Con_Dev_Btn1
Change Component Physical Designator: Old Designator=R?_U_Con_Dev_Btn1 New Designator=R8_U_Con_Dev_Btn1
Change Component Physical Designator: Old Designator=R?_U_Con_Dev_Btn1 New Designator=R9_U_Con_Dev_Btn1
Change Component Physical Designator: Old Designator=R?_U_Con_Dev_Btn1 New Designator=R10_U_Con_Dev_Btn1
Change Component Physical Designator: Old Designator=R?_U_Con_Dev_Btn1 New Designator=R11_U_Con_Dev_Btn1
Change Component Physical Designator: Old Designator=R?_U_Con_Dev_Btn1 New Designator=R12_U_Con_Dev_Btn1
Change Component Physical Designator: Old Designator=R?_U_Con_Dev_Btn1 New Designator=R13_U_Con_Dev_Btn1
Change Component Physical Designator: Old Designator=R?_U_Con_Dev_Btn2 New Designator=R6_U_Con_Dev_Btn2
Change Component Physical Designator: Old Designator=R?_U_Con_Dev_Btn2 New Designator=R7_U_Con_Dev_Btn2
Change Component Physical Designator: Old Designator=R?_U_Con_Dev_Btn2 New Designator=R8_U_Con_Dev_Btn2
Change Component Physical Designator: Old Designator=R?_U_Con_Dev_Btn2 New Designator=R9_U_Con_Dev_Btn2
Change Component Physical Designator: Old Designator=R?_U_Con_Dev_Btn2 New Designator=R10_U_Con_Dev_Btn2
Change Component Physical Designator: Old Designator=R?_U_Con_Dev_Btn2 New Designator=R11_U_Con_Dev_Btn2
Change Component Physical Designator: Old Designator=R?_U_Con_Dev_Btn2 New Designator=R12_U_Con_Dev_Btn2
Change Component Physical Designator: Old Designator=R?_U_Con_Dev_Btn2 New Designator=R13_U_Con_Dev_Btn2
Change Component Physical Designator: Old Designator=R?_U_Con_Dev_Led1 New Designator=R14_U_Con_Dev_Led1
Change Component Physical Designator: Old Designator=R?_U_Con_Dev_Led1 New Designator=R15_U_Con_Dev_Led1
Change Component Physical Designator: Old Designator=R?_U_Con_Dev_Led1 New Designator=R16_U_Con_Dev_Led1
Change Component Physical Designator: Old Designator=R?_U_Con_Dev_Led1 New Designator=R17_U_Con_Dev_Led1
Change Component Physical Designator: Old Designator=R?_U_Con_Dev_Led2 New Designator=R14_U_Con_Dev_Led2
Change Component Physical Designator: Old Designator=R?_U_Con_Dev_Led2 New Designator=R15_U_Con_Dev_Led2
Change Component Physical Designator: Old Designator=R?_U_Con_Dev_Led2 New Designator=R16_U_Con_Dev_Led2
Change Component Physical Designator: Old Designator=R?_U_Con_Dev_Led2 New Designator=R17_U_Con_Dev_Led2
Change Component Physical Designator: Old Designator=SW?_U_Con_Dev_Btn1 New Designator=SW1_U_Con_Dev_Btn1
Change Component Physical Designator: Old Designator=SW?_U_Con_Dev_Btn1 New Designator=SW2_U_Con_Dev_Btn1
Change Component Physical Designator: Old Designator=SW?_U_Con_Dev_Btn1 New Designator=SW3_U_Con_Dev_Btn1
Change Component Physical Designator: Old Designator=SW?_U_Con_Dev_Btn1 New Designator=SW4_U_Con_Dev_Btn1
Change Component Physical Designator: Old Designator=SW?_U_Con_Dev_Btn2 New Designator=SW1_U_Con_Dev_Btn2
Change Component Physical Designator: Old Designator=SW?_U_Con_Dev_Btn2 New Designator=SW2_U_Con_Dev_Btn2
Change Component Physical Designator: Old Designator=SW?_U_Con_Dev_Btn2 New Designator=SW3_U_Con_Dev_Btn2
Change Component Physical Designator: Old Designator=SW?_U_Con_Dev_Btn2 New Designator=SW4_U_Con_Dev_Btn2
Change Component Physical Designator: Old Designator=U? New Designator=U1
Change Component Physical Designator: Old Designator=U? New Designator=U2
Change Component Physical Designator: Old Designator=U? New Designator=U1
Change Component Physical Designator: Old Designator=U? New Designator=U2
Change Component Physical Designator: Old Designator=U? New Designator=U3
Change Component Physical Designator: Old Designator=W? New Designator=W1
Change Component Physical Designator: Old Designator=W? New Designator=W2
Change Component Physical Designator: Old Designator=Y? New Designator=Y1
Change Component Physical Designator: Old Designator=Y? New Designator=Y2
