Change Component Physical Designator: Old Designator=D5 New Designator=D2
Change Component Physical Designator: Old Designator=P4 New Designator=P10
Change Component Physical Designator: Old Designator=P5 New Designator=P11
Change Component Physical Designator: Old Designator=R1 New Designator=R6
Change Component Physical Designator: Old Designator=R7_U_Con_Dev_Btn1 New Designator=R8
Change Component Physical Designator: Old Designator=R7_U_Con_Dev_Btn2 New Designator=R10
Change Component Physical Designator: Old Designator=R7_U_Con_Dev_Btn3 New Designator=R12
Change Component Physical Designator: Old Designator=R7_U_Con_Dev_Btn4 New Designator=R14
Change Component Physical Designator: Old Designator=R7_U_Con_Dev_Btn5 New Designator=R16
Change Component Physical Designator: Old Designator=R7_U_Con_Dev_Btn6 New Designator=R18
Change Component Physical Designator: Old Designator=R7_U_Con_Dev_Btn7 New Designator=R20
Change Component Physical Designator: Old Designator=R7_U_Con_Dev_Btn8 New Designator=R22
Change Component Physical Designator: Old Designator=R8_U_Con_Dev_Btn1 New Designator=R9
Change Component Physical Designator: Old Designator=R8_U_Con_Dev_Btn2 New Designator=R11
Change Component Physical Designator: Old Designator=R8_U_Con_Dev_Btn3 New Designator=R13
Change Component Physical Designator: Old Designator=R8_U_Con_Dev_Btn4 New Designator=R15
Change Component Physical Designator: Old Designator=R8_U_Con_Dev_Btn5 New Designator=R17
Change Component Physical Designator: Old Designator=R8_U_Con_Dev_Btn6 New Designator=R19
Change Component Physical Designator: Old Designator=R8_U_Con_Dev_Btn7 New Designator=R21
Change Component Physical Designator: Old Designator=R8_U_Con_Dev_Btn8 New Designator=R23
Change Component Physical Designator: Old Designator=R13 New Designator=R7
Change Component Physical Designator: Old Designator=SW2_U_Con_Dev_Btn1 New Designator=SW2
Change Component Physical Designator: Old Designator=SW2_U_Con_Dev_Btn2 New Designator=SW3
Change Component Physical Designator: Old Designator=SW2_U_Con_Dev_Btn3 New Designator=SW4
Change Component Physical Designator: Old Designator=SW2_U_Con_Dev_Btn4 New Designator=SW5
Change Component Physical Designator: Old Designator=SW2_U_Con_Dev_Btn5 New Designator=SW6
Change Component Physical Designator: Old Designator=SW2_U_Con_Dev_Btn6 New Designator=SW7
Change Component Physical Designator: Old Designator=SW2_U_Con_Dev_Btn7 New Designator=SW8
Change Component Physical Designator: Old Designator=SW2_U_Con_Dev_Btn8 New Designator=SW9
