Change Component Physical Designator: Old Designator=C1 New Designator=C2
Change Component Physical Designator: Old Designator=C2 New Designator=C3
Change Component Physical Designator: Old Designator=C3 New Designator=C4
Change Component Physical Designator: Old Designator=C4 New Designator=C5
Change Component Physical Designator: Old Designator=C5 New Designator=C6
Change Component Physical Designator: Old Designator=C6 New Designator=C1
Change Component Physical Designator: Old Designator=D1 New Designator=D7
Change Component Physical Designator: Old Designator=D1_U_Con_Dev_Led1 New Designator=D1
Change Component Physical Designator: Old Designator=D1_U_Con_Dev_Led2 New Designator=D4
Change Component Physical Designator: Old Designator=D2 New Designator=D8
Change Component Physical Designator: Old Designator=D2_U_Con_Dev_Led1 New Designator=D2
Change Component Physical Designator: Old Designator=D2_U_Con_Dev_Led2 New Designator=D5
Change Component Physical Designator: Old Designator=D3_U_Con_Dev_Led1 New Designator=D3
Change Component Physical Designator: Old Designator=D3_U_Con_Dev_Led2 New Designator=D6
Change Component Physical Designator: Old Designator=P1 New Designator=P10
Change Component Physical Designator: Old Designator=P2 New Designator=P11
Change Component Physical Designator: Old Designator=P3 New Designator=P1
Change Component Physical Designator: Old Designator=P10 New Designator=P2
Change Component Physical Designator: Old Designator=P11 New Designator=P3
Change Component Physical Designator: Old Designator=Q1_U_Con_Dev_Led1 New Designator=Q1
Change Component Physical Designator: Old Designator=Q1_U_Con_Dev_Led2 New Designator=Q5
Change Component Physical Designator: Old Designator=Q2_U_Con_Dev_Led1 New Designator=Q2
Change Component Physical Designator: Old Designator=Q2_U_Con_Dev_Led2 New Designator=Q6
Change Component Physical Designator: Old Designator=Q3_U_Con_Dev_Led1 New Designator=Q3
Change Component Physical Designator: Old Designator=Q3_U_Con_Dev_Led2 New Designator=Q7
Change Component Physical Designator: Old Designator=Q4_U_Con_Dev_Led1 New Designator=Q4
Change Component Physical Designator: Old Designator=Q4_U_Con_Dev_Led2 New Designator=Q8
Change Component Physical Designator: Old Designator=R1 New Designator=R10
Change Component Physical Designator: Old Designator=R2 New Designator=R11
Change Component Physical Designator: Old Designator=R3 New Designator=R12
Change Component Physical Designator: Old Designator=R4 New Designator=R13
Change Component Physical Designator: Old Designator=R5 New Designator=R14
Change Component Physical Designator: Old Designator=R6 New Designator=R9
Change Component Physical Designator: Old Designator=R7 New Designator=R15
Change Component Physical Designator: Old Designator=R8 New Designator=R16
Change Component Physical Designator: Old Designator=R9 New Designator=R17
Change Component Physical Designator: Old Designator=R10 New Designator=R18
Change Component Physical Designator: Old Designator=R11 New Designator=R19
Change Component Physical Designator: Old Designator=R12 New Designator=R20
Change Component Physical Designator: Old Designator=R13 New Designator=R21
Change Component Physical Designator: Old Designator=R14 New Designator=R22
Change Component Physical Designator: Old Designator=R14_U_Con_Dev_Led1 New Designator=R1
Change Component Physical Designator: Old Designator=R14_U_Con_Dev_Led2 New Designator=R5
Change Component Physical Designator: Old Designator=R15 New Designator=R23
Change Component Physical Designator: Old Designator=R15_U_Con_Dev_Led1 New Designator=R2
Change Component Physical Designator: Old Designator=R15_U_Con_Dev_Led2 New Designator=R6
Change Component Physical Designator: Old Designator=R16 New Designator=R24
Change Component Physical Designator: Old Designator=R16_U_Con_Dev_Led1 New Designator=R3
Change Component Physical Designator: Old Designator=R16_U_Con_Dev_Led2 New Designator=R7
Change Component Physical Designator: Old Designator=R17 New Designator=R25
Change Component Physical Designator: Old Designator=R17_U_Con_Dev_Led1 New Designator=R4
Change Component Physical Designator: Old Designator=R17_U_Con_Dev_Led2 New Designator=R8
Change Component Physical Designator: Old Designator=R18 New Designator=R26
Change Component Physical Designator: Old Designator=R19 New Designator=R27
Change Component Physical Designator: Old Designator=R20 New Designator=R28
Change Component Physical Designator: Old Designator=R21 New Designator=R29
Change Component Physical Designator: Old Designator=R22 New Designator=R30
Change Component Physical Designator: Old Designator=R23 New Designator=R31
Change Component Physical Designator: Old Designator=U1 New Designator=U2
Change Component Physical Designator: Old Designator=U1 New Designator=U2
Change Component Physical Designator: Old Designator=U2 New Designator=U1
Change Component Physical Designator: Old Designator=U2 New Designator=U1
