Removed Pin From Net: NetName=PB0 Pin=R10_U_Con_Dev_Btn2-2
Removed Pin From Net: NetName=PB1 Pin=R11_U_Con_Dev_Btn2-2
Removed Pin From Net: NetName=PB2 Pin=R12_U_Con_Dev_Btn2-2
Removed Pin From Net: NetName=PB3 Pin=R13_U_Con_Dev_Btn2-2
Added Component: Designator=D?(6-0805_N)
Add component. Clean all parameters for all variants
Add component (AddParameter): Name = "LatestRevisionDate"; Value = "08-Jul-2005"; VariantName = "[No Variations]"
Add component (AddParameter): Name = "LatestRevisionNote"; Value = "Mech Layer 1 removed."; VariantName = "[No Variations]"
Add component (AddParameter): Name = "PackageDescription"; Value = "LED; 2 Leads"; VariantName = "[No Variations]"
Add component (AddParameter): Name = "PackageReference"; Value = "LED-0"; VariantName = "[No Variations]"
Add component (AddParameter): Name = "Published"; Value = "8-Jun-2000"; VariantName = "[No Variations]"
Add component (AddParameter): Name = "Publisher"; Value = "Altium Limited"; VariantName = "[No Variations]"
Added Component: Designator=R?(6-0805_N)
Add component. Clean all parameters for all variants
Add component (AddParameter): Name = "LatestRevisionDate"; Value = "17-Jul-2002"; VariantName = "[No Variations]"
Add component (AddParameter): Name = "LatestRevisionNote"; Value = "Re-released for DXP Platform."; VariantName = "[No Variations]"
Add component (AddParameter): Name = "PackageDescription"; Value = "Axial Device, Thru-Hole; 2 Leads; 0.4 in Pin Spacing"; VariantName = "[No Variations]"
Add component (AddParameter): Name = "PackageReference"; Value = "AXIAL-0.4"; VariantName = "[No Variations]"
Add component (AddParameter): Name = "Published"; Value = "8-Jun-2000"; VariantName = "[No Variations]"
Add component (AddParameter): Name = "Publisher"; Value = "Altium Limited"; VariantName = "[No Variations]"
Add component (AddParameter): Name = "Value"; Value = "1k"; VariantName = "[No Variations]"
Added Pin To Net: NetName=GND Pin=D?-2
Added Pin To Net: NetName=PB4 Pin=R10_U_Con_Dev_Btn2-2
Added Pin To Net: NetName=PB5 Pin=R11_U_Con_Dev_Btn2-2
Added Pin To Net: NetName=PB6 Pin=R12_U_Con_Dev_Btn2-2
Added Pin To Net: NetName=PB7 Pin=R13_U_Con_Dev_Btn2-2
Added Pin To Net: NetName=VCC Pin=R?-1
Added Pin To Net: NetName=NetD?_1 Pin=D?-1
Added Pin To Net: NetName=NetD?_1 Pin=R?-2
Added Net: Name=NetD?_1
Added Member To Class: ClassName=U_PWR Member=Component D? 
Added Member To Class: ClassName=U_PWR Member=Component R? Res2
