Change Net Name : Old Net Name=PA0 New Net Name=UART2_CTS
Change Net Name : Old Net Name=PA1 New Net Name=UART2_RTS
Change Net Name : Old Net Name=PA2 New Net Name=UART2_TX
Change Net Name : Old Net Name=PA3 New Net Name=UART2_RX
Change Net Name : Old Net Name=PA4 New Net Name=SPI1_NSS
Change Net Name : Old Net Name=PA5 New Net Name=SPI1_SCK
Change Net Name : Old Net Name=PA6 New Net Name=SPI1_MISO
Change Net Name : Old Net Name=PA7 New Net Name=SPI1_MOSI
Change Net Name : Old Net Name=PB8 New Net Name=CAN_RX
Change Net Name : Old Net Name=PB9 New Net Name=CAN_TX
Change Net Name : Old Net Name=PB10 New Net Name=I2C2_SCL
Change Net Name : Old Net Name=PB11 New Net Name=I2C2_SDA
Change Net Name : Old Net Name=PB14 New Net Name=SPI2_MISO
Change Net Name : Old Net Name=PC0 New Net Name=ADC12_IN10
Change Net Name : Old Net Name=PC1 New Net Name=ADC12_IN11
Change Net Name : Old Net Name=PC2 New Net Name=ADC12_IN12
Change Net Name : Old Net Name=PC3 New Net Name=ADC12_IN13
Change Net Name : Old Net Name=PC4 New Net Name=ADC12_IN14
Change Net Name : Old Net Name=PC5 New Net Name=ADC12_IN15
Added Pin To Net: NetName=PA0 Pin=P3-1
Added Net: Name=PA0
Added Pin To Net: NetName=PA1 Pin=P3-2
Added Net: Name=PA1
Added Pin To Net: NetName=PA2 Pin=P3-3
Added Net: Name=PA2
Added Pin To Net: NetName=PA3 Pin=P3-4
Added Net: Name=PA3
Added Pin To Net: NetName=PA4 Pin=P3-5
Added Net: Name=PA4
Added Pin To Net: NetName=PA5 Pin=P3-6
Added Net: Name=PA5
Added Pin To Net: NetName=PA6 Pin=P3-7
Added Net: Name=PA6
Added Pin To Net: NetName=PA7 Pin=P3-8
Added Net: Name=PA7
Added Pin To Net: NetName=PB8 Pin=P4-9
Added Net: Name=PB8
Added Pin To Net: NetName=PB9 Pin=P4-10
Added Net: Name=PB9
Added Pin To Net: NetName=PB10 Pin=P4-11
Added Net: Name=PB10
Added Pin To Net: NetName=PB11 Pin=P4-12
Added Net: Name=PB11
Added Pin To Net: NetName=PB14 Pin=P4-15
Added Net: Name=PB14
Added Pin To Net: NetName=PC0 Pin=P5-1
Added Net: Name=PC0
Added Pin To Net: NetName=PC1 Pin=P5-2
Added Net: Name=PC1
Added Pin To Net: NetName=PC2 Pin=P5-3
Added Net: Name=PC2
Added Pin To Net: NetName=PC3 Pin=P5-4
Added Net: Name=PC3
Added Pin To Net: NetName=PC4 Pin=P5-5
Added Net: Name=PC4
Added Pin To Net: NetName=PC5 Pin=P5-6
Added Net: Name=PC5
Added Pin To Net: NetName=SPI2_MOSI Pin=R5-1
Added Pin To Net: NetName=SPI2_MOSI Pin=U1-36
Added Net: Name=SPI2_MOSI
Added Pin To Net: NetName=SPI2_NSS Pin=U1-33
Added Net: Name=SPI2_NSS
Added Pin To Net: NetName=SPI2_SCK Pin=U1-34
Added Net: Name=SPI2_SCK
