Removed Pin From Net: NetName=NetQ1_3 Pin=Q1-3
Removed Pin From Net: NetName=NetQ1_3 Pin=R1-2
Removed Pin From Net: NetName=NetQ5_3 Pin=R5-2
Removed Member From Class: ClassName=Designator Member=P3
Removed Member From Class: ClassName=U_Con_Dev Member=P10
Removed Member From Class: ClassName=U_Con_Dev_Led1 Member=R10
Removed Member From Class: ClassName=U_Con_Dev_Led2 Member=R15
Removed Member From Class: ClassName=Designator Member=R19
Removed Member From Class: ClassName=U_Con_Dev_Led1 Member=R19
Removed Member From Class: ClassName=Designator Member=R21
Removed Member From Class: ClassName=Designator Member=R22
Removed Member From Class: ClassName=U_Con_Dev_Btn1 Member=R25
Removed Member From Class: ClassName=Designator Member=R26
Removed Member From Class: ClassName=U_Con_Dev_Btn2 Member=R26
Removed Member From Class: ClassName=U_Con_Dev_Btn3 Member=R29
Removed Member From Class: ClassName=U_Con_Dev_Btn4 Member=R31
Change Component Designator: OldDesignator=C1 NewDesignator=C6
Change Component Designator: OldDesignator=C2 NewDesignator=C1
Change Component Designator: OldDesignator=C3 NewDesignator=C2
Change Component Designator: OldDesignator=C4 NewDesignator=C3
Change Component Designator: OldDesignator=C5 NewDesignator=C4
Change Component Designator: OldDesignator=C6 NewDesignator=C5
Change Component Designator: OldDesignator=D1 NewDesignator=D1_U_Con_Dev_Led1
Change Component Designator: OldDesignator=D2 NewDesignator=D2_U_Con_Dev_Led1
Change Component Designator: OldDesignator=D3 NewDesignator=D3_U_Con_Dev_Led1
Change Component Designator: OldDesignator=D4 NewDesignator=D1_U_Con_Dev_Led2
Change Component Designator: OldDesignator=D5 NewDesignator=D2_U_Con_Dev_Led2
Change Component Designator: OldDesignator=D6 NewDesignator=D3_U_Con_Dev_Led2
Change Component Designator: OldDesignator=D7 NewDesignator=D1
Change Component Designator: OldDesignator=D8 NewDesignator=D2
Change Component Designator: OldDesignator=P1 NewDesignator=P3
Change Component Designator: OldDesignator=P2 NewDesignator=P10
Change Component Designator: OldDesignator=P3 NewDesignator=P11
Change Component Designator: OldDesignator=P10 NewDesignator=P1
Change Component Designator: OldDesignator=P11 NewDesignator=P2
Change Component Designator: OldDesignator=Q1 NewDesignator=Q1_U_Con_Dev_Led1
Change Component Designator: OldDesignator=Q2 NewDesignator=Q2_U_Con_Dev_Led1
Change Component Designator: OldDesignator=Q3 NewDesignator=Q3_U_Con_Dev_Led1
Change Component Designator: OldDesignator=Q4 NewDesignator=Q4_U_Con_Dev_Led1
Change Component Designator: OldDesignator=Q5 NewDesignator=Q1_U_Con_Dev_Led2
Change Component Designator: OldDesignator=Q6 NewDesignator=Q2_U_Con_Dev_Led2
Change Component Designator: OldDesignator=Q7 NewDesignator=Q3_U_Con_Dev_Led2
Change Component Designator: OldDesignator=Q8 NewDesignator=Q4_U_Con_Dev_Led2
Change Component Designator: OldDesignator=R1 NewDesignator=R14_U_Con_Dev_Led1
Change Component Designator: OldDesignator=R2 NewDesignator=R15_U_Con_Dev_Led1
Change Component Designator: OldDesignator=R3 NewDesignator=R16_U_Con_Dev_Led1
Change Component Designator: OldDesignator=R4 NewDesignator=R17_U_Con_Dev_Led1
Change Component Designator: OldDesignator=R5 NewDesignator=R14_U_Con_Dev_Led2
Change Component Designator: OldDesignator=R6 NewDesignator=R15_U_Con_Dev_Led2
Change Component Designator: OldDesignator=R7 NewDesignator=R16_U_Con_Dev_Led2
Change Component Designator: OldDesignator=R8 NewDesignator=R17_U_Con_Dev_Led2
Change Component Designator: OldDesignator=R9 NewDesignator=R6
Change Component Designator: OldDesignator=R10 NewDesignator=R1
Change Component Designator: OldDesignator=R11 NewDesignator=R2
Change Component Designator: OldDesignator=R12 NewDesignator=R3
Change Component Designator: OldDesignator=R13 NewDesignator=R4
Change Component Designator: OldDesignator=R14 NewDesignator=R5
Change Component Designator: OldDesignator=R15 NewDesignator=R7
Change Component Designator: OldDesignator=R16 NewDesignator=R8
Change Component Designator: OldDesignator=R17 NewDesignator=R9
Change Component Designator: OldDesignator=R18 NewDesignator=R10
Change Component Designator: OldDesignator=R19 NewDesignator=R11
Change Component Designator: OldDesignator=R20 NewDesignator=R12
Change Component Designator: OldDesignator=R21 NewDesignator=R13
Change Component Designator: OldDesignator=R22 NewDesignator=R14
Change Component Designator: OldDesignator=R23 NewDesignator=R15
Change Component Designator: OldDesignator=R24 NewDesignator=R16
Change Component Designator: OldDesignator=R25 NewDesignator=R17
Change Component Designator: OldDesignator=R26 NewDesignator=R18
Change Component Designator: OldDesignator=R27 NewDesignator=R19
Change Component Designator: OldDesignator=R28 NewDesignator=R20
Change Component Designator: OldDesignator=R29 NewDesignator=R21
Change Component Designator: OldDesignator=R30 NewDesignator=R22
Change Component Designator: OldDesignator=R31 NewDesignator=R23
Change Component Designator: OldDesignator=U1 NewDesignator=U2
Change Component Designator: OldDesignator=U2 NewDesignator=U1
Added Component: Designator=D6_U_Con_Dev_Led1(6-0805_N)
Add component. Clean all parameters for all variants
Add component (AddParameter): Name = "LatestRevisionDate"; Value = "08-Jul-2005"; VariantName = "[No Variations]"
Add component (AddParameter): Name = "LatestRevisionNote"; Value = "Mech Layer 1 removed."; VariantName = "[No Variations]"
Add component (AddParameter): Name = "PackageDescription"; Value = "LED; 2 Leads"; VariantName = "[No Variations]"
Add component (AddParameter): Name = "PackageReference"; Value = "LED-0"; VariantName = "[No Variations]"
Add component (AddParameter): Name = "Published"; Value = "8-Jun-2000"; VariantName = "[No Variations]"
Add component (AddParameter): Name = "Publisher"; Value = "Altium Limited"; VariantName = "[No Variations]"
Added Component: Designator=D6_U_Con_Dev_Led2(6-0805_N)
Add component. Clean all parameters for all variants
Add component (AddParameter): Name = "LatestRevisionDate"; Value = "08-Jul-2005"; VariantName = "[No Variations]"
Add component (AddParameter): Name = "LatestRevisionNote"; Value = "Mech Layer 1 removed."; VariantName = "[No Variations]"
Add component (AddParameter): Name = "PackageDescription"; Value = "LED; 2 Leads"; VariantName = "[No Variations]"
Add component (AddParameter): Name = "PackageReference"; Value = "LED-0"; VariantName = "[No Variations]"
Add component (AddParameter): Name = "Published"; Value = "8-Jun-2000"; VariantName = "[No Variations]"
Add component (AddParameter): Name = "Publisher"; Value = "Altium Limited"; VariantName = "[No Variations]"
Added Pin To Net: NetName=NetQ1_3 Pin=D6_U_Con_Dev_Led2-1
Added Pin To Net: NetName=NetQ5_3 Pin=D6_U_Con_Dev_Led2-2
Added Pin To Net: NetName=NetQ1_3 Pin=R14_U_Con_Dev_Led2-2
Change Net Name : Old Net Name=NetD1_1 New Net Name=NetD1_U_Con_Dev_Led1_1
Change Net Name : Old Net Name=NetD1_2 New Net Name=NetD1_U_Con_Dev_Led1_2
Change Net Name : Old Net Name=NetD2_1 New Net Name=NetD2_U_Con_Dev_Led1_1
Change Net Name : Old Net Name=NetD2_2 New Net Name=NetD2_U_Con_Dev_Led1_2
Change Net Name : Old Net Name=NetD3_1 New Net Name=NetD3_U_Con_Dev_Led1_1
Change Net Name : Old Net Name=NetD3_2 New Net Name=NetD3_U_Con_Dev_Led1_2
Change Net Name : Old Net Name=NetD4_1 New Net Name=NetD1_U_Con_Dev_Led2_1
Change Net Name : Old Net Name=NetD4_2 New Net Name=NetD1_U_Con_Dev_Led2_2
Change Net Name : Old Net Name=NetD5_1 New Net Name=NetD2_U_Con_Dev_Led2_1
Change Net Name : Old Net Name=NetD5_2 New Net Name=NetD2_U_Con_Dev_Led2_2
Change Net Name : Old Net Name=NetD6_1 New Net Name=NetD3_U_Con_Dev_Led2_1
Change Net Name : Old Net Name=NetD6_2 New Net Name=NetD3_U_Con_Dev_Led2_2
Change Net Name : Old Net Name=NetD7_1 New Net Name=NetD1_1
Change Net Name : Old Net Name=NetD8_1 New Net Name=NetD2_1
Change Net Name : Old Net Name=NetQ1_3 New Net Name=NetD6_U_Con_Dev_Led2_1
Change Net Name : Old Net Name=NetQ5_3 New Net Name=NetD6_U_Con_Dev_Led2_2
Change Net Name : Old Net Name=NetR9_1 New Net Name=NetR6_1
Change Net Name : Old Net Name=NetR12_1 New Net Name=NetR3_1
Change Net Name : Old Net Name=NetR16_2 New Net Name=NetR8_2
Change Net Name : Old Net Name=NetR18_2 New Net Name=NetR10_2
Change Net Name : Old Net Name=NetR20_2 New Net Name=NetR12_2
Change Net Name : Old Net Name=NetR22_2 New Net Name=NetR14_2
Change Net Name : Old Net Name=NetR24_2 New Net Name=NetR16_2
Change Net Name : Old Net Name=NetR26_2 New Net Name=NetR18_2
Change Net Name : Old Net Name=NetR28_2 New Net Name=NetR20_2
Change Net Name : Old Net Name=NetR30_2 New Net Name=NetR22_2
Added Pin To Net: NetName=NetD6_U_Con_Dev_Led1_1 Pin=D6_U_Con_Dev_Led1-1
Added Pin To Net: NetName=NetD6_U_Con_Dev_Led1_1 Pin=R14_U_Con_Dev_Led1-2
Added Net: Name=NetD6_U_Con_Dev_Led1_1
Added Pin To Net: NetName=NetD6_U_Con_Dev_Led1_2 Pin=D6_U_Con_Dev_Led1-2
Added Pin To Net: NetName=NetD6_U_Con_Dev_Led1_2 Pin=Q1_U_Con_Dev_Led1-3
Added Net: Name=NetD6_U_Con_Dev_Led1_2
Added Member To Class: ClassName=Designator Member=Component C1 Cap
Added Member To Class: ClassName=Designator Member=Component C2 Cap
Added Member To Class: ClassName=Designator Member=Component C4 Cap
Added Member To Class: ClassName=U_Con_Dev_Led1 Member=Component D6_U_Con_Dev_Led1 (D6) 
Added Member To Class: ClassName=U_Con_Dev_Led2 Member=Component D6_U_Con_Dev_Led2 (D6) 
Added Member To Class: ClassName=Designator Member=Component P2 DBG_UART
Added Member To Class: ClassName=U_Con_Dev Member=Component P11 (P5) Header 7X2
Added Member To Class: ClassName=Designator Member=Component R1 (R2) Res2
Added Member To Class: ClassName=Designator Member=Component R2 (R3) Res2
Added Member To Class: ClassName=Designator Member=Component R4 (R5) Res2
Added Member To Class: ClassName=Designator Member=Component R5 (R6) Res2
Added Member To Class: ClassName=U_Con_Dev_Btn1 Member=Component R9 (R8) Res2
Added Member To Class: ClassName=U_Con_Dev_Btn2 Member=Component R10 (R7) Res2
Added Member To Class: ClassName=U_Con_Dev_Btn3 Member=Component R13 (R8) Res2
Added Member To Class: ClassName=U_Con_Dev_Led1 Member=Component R14_U_Con_Dev_Led1 (R9) Res2
Added Member To Class: ClassName=U_Con_Dev_Led1 Member=Component R15_U_Con_Dev_Led1 (R10) Res2
Added Member To Class: ClassName=U_Con_Dev_Btn4 Member=Component R15 (R8) Res2
Added Member To Class: ClassName=U_Con_Dev_Led2 Member=Component R16_U_Con_Dev_Led2 (R11) Res2
