Added Component: Designator=D4(6-0805_N)
Add component. Clean all parameters for all variants
Add component (AddParameter): Name = "LatestRevisionDate"; Value = "08-Jul-2005"; VariantName = "[No Variations]"
Add component (AddParameter): Name = "LatestRevisionNote"; Value = "Mech Layer 1 removed."; VariantName = "[No Variations]"
Add component (AddParameter): Name = "PackageDescription"; Value = "LED; 2 Leads"; VariantName = "[No Variations]"
Add component (AddParameter): Name = "PackageReference"; Value = "LED-0"; VariantName = "[No Variations]"
Add component (AddParameter): Name = "Published"; Value = "8-Jun-2000"; VariantName = "[No Variations]"
Add component (AddParameter): Name = "Publisher"; Value = "Altium Limited"; VariantName = "[No Variations]"
Added Component: Designator=P3(HDR1X9)
Add component. Clean all parameters for all variants
Add component (AddParameter): Name = "LatestRevisionDate"; Value = "17-Jul-2002"; VariantName = "[No Variations]"
Add component (AddParameter): Name = "LatestRevisionNote"; Value = "Re-released for DXP Platform."; VariantName = "[No Variations]"
Add component (AddParameter): Name = "Publisher"; Value = "Altium Limited"; VariantName = "[No Variations]"
Added Component: Designator=P10(HDR2X8)
Add component. Clean all parameters for all variants
Add component (AddParameter): Name = "LatestRevisionDate"; Value = "17-Jul-2002"; VariantName = "[No Variations]"
Add component (AddParameter): Name = "LatestRevisionNote"; Value = "Re-released for DXP Platform."; VariantName = "[No Variations]"
Add component (AddParameter): Name = "Publisher"; Value = "Altium Limited"; VariantName = "[No Variations]"
Added Component: Designator=P11(HDR2X7)
Add component. Clean all parameters for all variants
Add component (AddParameter): Name = "LatestRevisionDate"; Value = "17-Jul-2002"; VariantName = "[No Variations]"
Add component (AddParameter): Name = "LatestRevisionNote"; Value = "Re-released for DXP Platform."; VariantName = "[No Variations]"
Add component (AddParameter): Name = "Publisher"; Value = "Altium Limited"; VariantName = "[No Variations]"
Added Component: Designator=R18(6-0805_N)
Add component. Clean all parameters for all variants
Add component (AddParameter): Name = "LatestRevisionDate"; Value = "17-Jul-2002"; VariantName = "[No Variations]"
Add component (AddParameter): Name = "LatestRevisionNote"; Value = "Re-released for DXP Platform."; VariantName = "[No Variations]"
Add component (AddParameter): Name = "PackageDescription"; Value = "Axial Device, Thru-Hole; 2 Leads; 0.4 in Pin Spacing"; VariantName = "[No Variations]"
Add component (AddParameter): Name = "PackageReference"; Value = "AXIAL-0.4"; VariantName = "[No Variations]"
Add component (AddParameter): Name = "Published"; Value = "8-Jun-2000"; VariantName = "[No Variations]"
Add component (AddParameter): Name = "Publisher"; Value = "Altium Limited"; VariantName = "[No Variations]"
Add component (AddParameter): Name = "Value"; Value = "1k"; VariantName = "[No Variations]"
Added Pin To Net: NetName=GND Pin=D4-2
Added Pin To Net: NetName=SPI1_NSS Pin=P3-5
Added Pin To Net: NetName=SPI1_SCK Pin=P3-6
Added Pin To Net: NetName=SPI1_MISO Pin=P3-7
Added Pin To Net: NetName=SPI1_MOSI Pin=P3-8
Added Pin To Net: NetName=BOOT1 Pin=P10-3
Added Pin To Net: NetName=SPI2_MOSI Pin=P10-16
Added Pin To Net: NetName=SPI2_MOSI Pin=Q4_U_Con_Dev_Led1-1
Added Pin To Net: NetName=BOOT1 Pin=R12_U_Con_Dev_Btn2-2
Change Net Name : Old Net Name=BOOT1 New Net Name=PB2
Change Net Name : Old Net Name=SPI1_MISO New Net Name=PA6
Change Net Name : Old Net Name=SPI1_MOSI New Net Name=PA7
Change Net Name : Old Net Name=SPI1_NSS New Net Name=PA4
Change Net Name : Old Net Name=SPI1_SCK New Net Name=PA5
Change Net Name : Old Net Name=SPI2_MOSI New Net Name=PB15
Added Pin To Net: NetName=NetD4_1 Pin=D4-1
Added Pin To Net: NetName=NetD4_1 Pin=R18-2
Added Net: Name=NetD4_1
Added Pin To Net: NetName=NetR18_1 Pin=R18-1
Added Pin To Net: NetName=NetR18_1 Pin=U1-50
Added Net: Name=NetR18_1
Added Pin To Net: NetName=PA0 Pin=P3-1
Added Pin To Net: NetName=PA0 Pin=P9-4
Added Pin To Net: NetName=PA0 Pin=U1-14
Added Net: Name=PA0
Added Pin To Net: NetName=PA1 Pin=P3-2
Added Pin To Net: NetName=PA1 Pin=P9-3
Added Pin To Net: NetName=PA1 Pin=U1-15
Added Net: Name=PA1
Added Pin To Net: NetName=PA2 Pin=P3-3
Added Pin To Net: NetName=PA2 Pin=P9-2
Added Pin To Net: NetName=PA2 Pin=U1-16
Added Net: Name=PA2
Added Pin To Net: NetName=PA3 Pin=P3-4
Added Pin To Net: NetName=PA3 Pin=P9-1
Added Pin To Net: NetName=PA3 Pin=U1-17
Added Net: Name=PA3
Added Pin To Net: NetName=PA8 Pin=P3-9
Added Pin To Net: NetName=PA8 Pin=U1-41
Added Net: Name=PA8
Added Pin To Net: NetName=PB0 Pin=P10-1
Added Pin To Net: NetName=PB0 Pin=R10_U_Con_Dev_Btn2-2
Added Pin To Net: NetName=PB0 Pin=U1-26
Added Net: Name=PB0
Added Pin To Net: NetName=PB1 Pin=P10-2
Added Pin To Net: NetName=PB1 Pin=R11_U_Con_Dev_Btn2-2
Added Pin To Net: NetName=PB1 Pin=U1-27
Added Net: Name=PB1
Added Pin To Net: NetName=PB3 Pin=P10-4
Added Pin To Net: NetName=PB3 Pin=R13_U_Con_Dev_Btn2-2
Added Pin To Net: NetName=PB3 Pin=U1-55
Added Net: Name=PB3
Added Pin To Net: NetName=PB4 Pin=P10-5
Added Pin To Net: NetName=PB4 Pin=R10_U_Con_Dev_Btn1-2
Added Pin To Net: NetName=PB4 Pin=U1-56
Added Net: Name=PB4
Added Pin To Net: NetName=PB5 Pin=P10-6
Added Pin To Net: NetName=PB5 Pin=R11_U_Con_Dev_Btn1-2
Added Pin To Net: NetName=PB5 Pin=U1-57
Added Net: Name=PB5
Added Pin To Net: NetName=PB6 Pin=P10-7
Added Pin To Net: NetName=PB6 Pin=R12_U_Con_Dev_Btn1-2
Added Pin To Net: NetName=PB6 Pin=U1-58
Added Net: Name=PB6
Added Pin To Net: NetName=PB7 Pin=P10-8
Added Pin To Net: NetName=PB7 Pin=R13_U_Con_Dev_Btn1-2
Added Pin To Net: NetName=PB7 Pin=U1-59
Added Net: Name=PB7
Added Pin To Net: NetName=PB8 Pin=P4-2
Added Pin To Net: NetName=PB8 Pin=P10-9
Added Pin To Net: NetName=PB8 Pin=Q1_U_Con_Dev_Led2-1
Added Pin To Net: NetName=PB8 Pin=U1-61
Added Net: Name=PB8
Added Pin To Net: NetName=PB9 Pin=P4-1
Added Pin To Net: NetName=PB9 Pin=P10-10
Added Pin To Net: NetName=PB9 Pin=Q2_U_Con_Dev_Led2-1
Added Pin To Net: NetName=PB9 Pin=U1-62
Added Net: Name=PB9
Added Pin To Net: NetName=PB10 Pin=P6-2
Added Pin To Net: NetName=PB10 Pin=P10-11
Added Pin To Net: NetName=PB10 Pin=Q3_U_Con_Dev_Led2-1
Added Pin To Net: NetName=PB10 Pin=U1-29
Added Net: Name=PB10
Added Pin To Net: NetName=PB11 Pin=P6-1
Added Pin To Net: NetName=PB11 Pin=P10-12
Added Pin To Net: NetName=PB11 Pin=Q4_U_Con_Dev_Led2-1
Added Pin To Net: NetName=PB11 Pin=U1-30
Added Net: Name=PB11
Added Pin To Net: NetName=PB12 Pin=P8-4
Added Pin To Net: NetName=PB12 Pin=P10-13
Added Pin To Net: NetName=PB12 Pin=Q1_U_Con_Dev_Led1-1
Added Pin To Net: NetName=PB12 Pin=U1-33
Added Net: Name=PB12
Added Pin To Net: NetName=PB13 Pin=P8-3
Added Pin To Net: NetName=PB13 Pin=P10-14
Added Pin To Net: NetName=PB13 Pin=Q2_U_Con_Dev_Led1-1
Added Pin To Net: NetName=PB13 Pin=U1-34
Added Net: Name=PB13
Added Pin To Net: NetName=PB14 Pin=P8-2
Added Pin To Net: NetName=PB14 Pin=P10-15
Added Pin To Net: NetName=PB14 Pin=Q3_U_Con_Dev_Led1-1
Added Pin To Net: NetName=PB14 Pin=U1-35
Added Net: Name=PB14
Added Pin To Net: NetName=PC0 Pin=P7-6
Added Pin To Net: NetName=PC0 Pin=P11-1
Added Pin To Net: NetName=PC0 Pin=U1-8
Added Net: Name=PC0
Added Pin To Net: NetName=PC1 Pin=P7-5
Added Pin To Net: NetName=PC1 Pin=P11-2
Added Pin To Net: NetName=PC1 Pin=U1-9
Added Net: Name=PC1
Added Pin To Net: NetName=PC2 Pin=P7-4
Added Pin To Net: NetName=PC2 Pin=P11-3
Added Pin To Net: NetName=PC2 Pin=U1-10
Added Net: Name=PC2
Added Pin To Net: NetName=PC3 Pin=P7-3
Added Pin To Net: NetName=PC3 Pin=P11-4
Added Pin To Net: NetName=PC3 Pin=U1-11
Added Net: Name=PC3
Added Pin To Net: NetName=PC4 Pin=P7-2
Added Pin To Net: NetName=PC4 Pin=P11-5
Added Pin To Net: NetName=PC4 Pin=U1-24
Added Net: Name=PC4
Added Pin To Net: NetName=PC5 Pin=P7-1
Added Pin To Net: NetName=PC5 Pin=P11-6
Added Pin To Net: NetName=PC5 Pin=U1-25
Added Net: Name=PC5
Added Pin To Net: NetName=PC6 Pin=P11-7
Added Pin To Net: NetName=PC6 Pin=U1-37
Added Net: Name=PC6
Added Pin To Net: NetName=PC7 Pin=P11-8
Added Pin To Net: NetName=PC7 Pin=U1-38
Added Net: Name=PC7
Added Pin To Net: NetName=PC8 Pin=P11-9
Added Pin To Net: NetName=PC8 Pin=U1-39
Added Net: Name=PC8
Added Pin To Net: NetName=PC9 Pin=P11-10
Added Pin To Net: NetName=PC9 Pin=U1-40
Added Net: Name=PC9
Added Pin To Net: NetName=PC10 Pin=P11-11
Added Pin To Net: NetName=PC10 Pin=U1-51
Added Net: Name=PC10
Added Pin To Net: NetName=PC11 Pin=P11-12
Added Pin To Net: NetName=PC11 Pin=U1-52
Added Net: Name=PC11
Added Pin To Net: NetName=PC12 Pin=P11-13
Added Pin To Net: NetName=PC12 Pin=U1-53
Added Net: Name=PC12
Added Pin To Net: NetName=PC13 Pin=P11-14
Added Pin To Net: NetName=PC13 Pin=U1-2
Added Net: Name=PC13
Added Class: Name=PA[8..0]
Added Class: Name=PB[15..0]
Added Class: Name=PC[13..0]
Added Member To Class: ClassName=Designator Member=Component D4 
Added Member To Class: ClassName=U_Con_Dev Member=Component P3 Header 9
Added Member To Class: ClassName=U_Con_Dev Member=Component P10 Header 8X2
Added Member To Class: ClassName=U_Con_Dev Member=Component P11 Header 7X2
Added Member To Class: ClassName=Designator Member=Component R18 Res2
