Removed Member From Class: ClassName=Designator Member=C1
Removed Member From Class: ClassName=U_Con_Dev_Mem Member=C4
Removed Member From Class: ClassName=U_Con_Dev_Led1 Member=D9
Removed Member From Class: ClassName=U_Con_Dev_Led1 Member=D10
Removed Member From Class: ClassName=Designator Member=P3
Removed Member From Class: ClassName=U_Con_Dev Member=P10
Removed Member From Class: ClassName=U_Con_Dev_Led1 Member=R10
Removed Member From Class: ClassName=U_Con_Dev_Led2 Member=R15
Removed Member From Class: ClassName=Designator Member=R19
Removed Member From Class: ClassName=U_Con_Dev_Led1 Member=R19
Removed Member From Class: ClassName=Designator Member=R20
Removed Member From Class: ClassName=Designator Member=R21
Removed Member From Class: ClassName=Designator Member=R22
Removed Member From Class: ClassName=U_Con_Dev_Btn1 Member=R24
Removed Member From Class: ClassName=Designator Member=R25
Removed Member From Class: ClassName=U_Con_Dev_Btn1 Member=R25
Removed Member From Class: ClassName=Designator Member=R26
Removed Member From Class: ClassName=U_Con_Dev_Btn2 Member=R26
Removed Member From Class: ClassName=U_Con_Dev_Btn3 Member=R28
Removed Member From Class: ClassName=U_Con_Dev_Btn3 Member=R29
Removed Member From Class: ClassName=U_Con_Dev_Btn4 Member=R31
Removed Member From Class: ClassName=Designator Member=U1
Added Member To Class: ClassName=U_Con_Dev_Mem Member=Component C1 (C6) Cap
Added Member To Class: ClassName=Designator Member=Component C2 (C1) Cap
Added Member To Class: ClassName=Designator Member=Component C3 (C2) Cap
Added Member To Class: ClassName=Designator Member=Component C5 (C4) Cap
Added Member To Class: ClassName=U_Con_Dev_Led1 Member=Component D1 (D6) 
Added Member To Class: ClassName=U_Con_Dev_Led1 Member=Component D2 
Added Member To Class: ClassName=U_Con_Dev Member=Component P1 (P3) Header 9
Added Member To Class: ClassName=U_Con_Dev Member=Component P2 (P4) Header 8X2
Added Member To Class: ClassName=Designator Member=Component P11 (P2) DBG_UART
Added Member To Class: ClassName=U_Con_Dev_Led1 Member=Component R1 (R9) Res2
Added Member To Class: ClassName=U_Con_Dev_Led1 Member=Component R2 (R10) Res2
Added Member To Class: ClassName=U_Con_Dev_Led2 Member=Component R7 (R11) Res2
Added Member To Class: ClassName=Designator Member=Component R9 (R1) Res2
Added Member To Class: ClassName=Designator Member=Component R10 (R2) Res2
Added Member To Class: ClassName=Designator Member=Component R11 (R3) Res2
Added Member To Class: ClassName=Designator Member=Component R12 (R4) Res2
Added Member To Class: ClassName=Designator Member=Component R13 (R5) Res2
Added Member To Class: ClassName=Designator Member=Component R14 (R6) Res2
Added Member To Class: ClassName=U_Con_Dev_Btn1 Member=Component R16 (R7) Res2
Added Member To Class: ClassName=U_Con_Dev_Btn1 Member=Component R17 (R8) Res2
Added Member To Class: ClassName=U_Con_Dev_Btn2 Member=Component R18 (R7) Res2
Added Member To Class: ClassName=U_Con_Dev_Btn3 Member=Component R20 (R7) Res2
Added Member To Class: ClassName=U_Con_Dev_Btn3 Member=Component R21 (R8) Res2
Added Member To Class: ClassName=U_Con_Dev_Btn4 Member=Component R23 (R8) Res2
Added Member To Class: ClassName=Designator Member=Component U2 (U1A) STM32F103RBT6
