Removed Member From Class: ClassName=U_Con_Dev_Mem Member=C5
Removed Member From Class: ClassName=Designator Member=D1_U_Con_Dev_Led1
Removed Member From Class: ClassName=U_PWR Member=D2_U_Con_Dev_Led1
Removed Member From Class: ClassName=U_Con_Dev_Btn2 Member=R1
Removed Member From Class: ClassName=U_Con_Dev_Btn4 Member=R7
Removed Member From Class: ClassName=U_Con_Dev_Btn6 Member=R11
Removed Member From Class: ClassName=U_Con_Dev_Btn7 Member=R13
Removed Member From Class: ClassName=Designator Member=R14_U_Con_Dev_Led1
Removed Member From Class: ClassName=Designator Member=R14_U_Con_Dev_Led2
Removed Member From Class: ClassName=U_Con_Dev_Btn8 Member=R14
Removed Member From Class: ClassName=Designator Member=R15_U_Con_Dev_Led1
Removed Member From Class: ClassName=Designator Member=R15_U_Con_Dev_Led2
Removed Member From Class: ClassName=U_Con_Dev_Btn1 Member=R15_U_Con_Dev_Led2
Removed Member From Class: ClassName=Designator Member=R16_U_Con_Dev_Led1
Removed Member From Class: ClassName=U_Con_Dev_Btn3 Member=R16_U_Con_Dev_Led1
Removed Member From Class: ClassName=U_Con_Dev_Btn7 Member=R16_U_Con_Dev_Led1
Removed Member From Class: ClassName=Designator Member=R17_U_Con_Dev_Led1
Removed Member From Class: ClassName=U_Con_Dev_Btn3 Member=R17_U_Con_Dev_Led1
Removed Member From Class: ClassName=U_Con_Dev_Btn1 Member=R17_U_Con_Dev_Led2
Removed Member From Class: ClassName=U_Con_Dev_Btn5 Member=R17_U_Con_Dev_Led2
Change Component Designator: OldDesignator=C1 NewDesignator=C2
Change Component Designator: OldDesignator=C2 NewDesignator=C3
Change Component Designator: OldDesignator=C3 NewDesignator=C4
Change Component Designator: OldDesignator=C4 NewDesignator=C5
Change Component Designator: OldDesignator=C5 NewDesignator=C6
Change Component Designator: OldDesignator=C6 NewDesignator=C1
Change Component Designator: OldDesignator=D1 NewDesignator=D9
Change Component Designator: OldDesignator=D1_U_Con_Dev_Led1 NewDesignator=D2
Change Component Designator: OldDesignator=D1_U_Con_Dev_Led2 NewDesignator=D6
Change Component Designator: OldDesignator=D2 NewDesignator=D10
Change Component Designator: OldDesignator=D2_U_Con_Dev_Led1 NewDesignator=D3
Change Component Designator: OldDesignator=D2_U_Con_Dev_Led2 NewDesignator=D7
Change Component Designator: OldDesignator=D3_U_Con_Dev_Led1 NewDesignator=D4
Change Component Designator: OldDesignator=D3_U_Con_Dev_Led2 NewDesignator=D8
Change Component Designator: OldDesignator=D6_U_Con_Dev_Led1 NewDesignator=D1
Change Component Designator: OldDesignator=D6_U_Con_Dev_Led2 NewDesignator=D5
Change Component Designator: OldDesignator=P1 NewDesignator=P10
Change Component Designator: OldDesignator=P2 NewDesignator=P11
Change Component Designator: OldDesignator=P3 NewDesignator=P1
Change Component Designator: OldDesignator=P10 NewDesignator=P2
Change Component Designator: OldDesignator=P11 NewDesignator=P3
Change Component Designator: OldDesignator=Q1_U_Con_Dev_Led1 NewDesignator=Q1
Change Component Designator: OldDesignator=Q1_U_Con_Dev_Led2 NewDesignator=Q5
Change Component Designator: OldDesignator=Q2_U_Con_Dev_Led1 NewDesignator=Q2
Change Component Designator: OldDesignator=Q2_U_Con_Dev_Led2 NewDesignator=Q6
Change Component Designator: OldDesignator=Q3_U_Con_Dev_Led1 NewDesignator=Q3
Change Component Designator: OldDesignator=Q3_U_Con_Dev_Led2 NewDesignator=Q7
Change Component Designator: OldDesignator=Q4_U_Con_Dev_Led1 NewDesignator=Q4
Change Component Designator: OldDesignator=Q4_U_Con_Dev_Led2 NewDesignator=Q8
Change Component Designator: OldDesignator=R1 NewDesignator=R10
Change Component Designator: OldDesignator=R2 NewDesignator=R11
Change Component Designator: OldDesignator=R3 NewDesignator=R12
Change Component Designator: OldDesignator=R4 NewDesignator=R13
Change Component Designator: OldDesignator=R5 NewDesignator=R14
Change Component Designator: OldDesignator=R6 NewDesignator=R9
Change Component Designator: OldDesignator=R7 NewDesignator=R15
Change Component Designator: OldDesignator=R8 NewDesignator=R16
Change Component Designator: OldDesignator=R9 NewDesignator=R17
Change Component Designator: OldDesignator=R10 NewDesignator=R18
Change Component Designator: OldDesignator=R11 NewDesignator=R19
Change Component Designator: OldDesignator=R12 NewDesignator=R20
Change Component Designator: OldDesignator=R13 NewDesignator=R21
Change Component Designator: OldDesignator=R14 NewDesignator=R22
Change Component Designator: OldDesignator=R14_U_Con_Dev_Led1 NewDesignator=R1
Change Component Designator: OldDesignator=R14_U_Con_Dev_Led2 NewDesignator=R5
Change Component Designator: OldDesignator=R15 NewDesignator=R23
Change Component Designator: OldDesignator=R15_U_Con_Dev_Led1 NewDesignator=R2
Change Component Designator: OldDesignator=R15_U_Con_Dev_Led2 NewDesignator=R6
Change Component Designator: OldDesignator=R16 NewDesignator=R24
Change Component Designator: OldDesignator=R16_U_Con_Dev_Led1 NewDesignator=R3
Change Component Designator: OldDesignator=R16_U_Con_Dev_Led2 NewDesignator=R7
Change Component Designator: OldDesignator=R17 NewDesignator=R25
Change Component Designator: OldDesignator=R17_U_Con_Dev_Led1 NewDesignator=R4
Change Component Designator: OldDesignator=R17_U_Con_Dev_Led2 NewDesignator=R8
Change Component Designator: OldDesignator=R18 NewDesignator=R26
Change Component Designator: OldDesignator=R19 NewDesignator=R27
Change Component Designator: OldDesignator=R20 NewDesignator=R28
Change Component Designator: OldDesignator=R21 NewDesignator=R29
Change Component Designator: OldDesignator=R22 NewDesignator=R30
Change Component Designator: OldDesignator=R23 NewDesignator=R31
Change Component Designator: OldDesignator=U1 NewDesignator=U2
Change Component Designator: OldDesignator=U2 NewDesignator=U1
Change Net Name : Old Net Name=NetD1_1 New Net Name=NetD9_1
Change Net Name : Old Net Name=NetD1_U_Con_Dev_Led1_1 New Net Name=NetD2_1
Change Net Name : Old Net Name=NetD1_U_Con_Dev_Led1_2 New Net Name=NetD2_2
Change Net Name : Old Net Name=NetD1_U_Con_Dev_Led2_1 New Net Name=NetD6_1
Change Net Name : Old Net Name=NetD1_U_Con_Dev_Led2_2 New Net Name=NetD6_2
Change Net Name : Old Net Name=NetD2_1 New Net Name=NetD10_1
Change Net Name : Old Net Name=NetD2_U_Con_Dev_Led1_1 New Net Name=NetD3_1
Change Net Name : Old Net Name=NetD2_U_Con_Dev_Led1_2 New Net Name=NetD3_2
Change Net Name : Old Net Name=NetD2_U_Con_Dev_Led2_1 New Net Name=NetD7_1
Change Net Name : Old Net Name=NetD2_U_Con_Dev_Led2_2 New Net Name=NetD7_2
Change Net Name : Old Net Name=NetD3_U_Con_Dev_Led1_1 New Net Name=NetD4_1
Change Net Name : Old Net Name=NetD3_U_Con_Dev_Led1_2 New Net Name=NetD4_2
Change Net Name : Old Net Name=NetD3_U_Con_Dev_Led2_1 New Net Name=NetD8_1
Change Net Name : Old Net Name=NetD3_U_Con_Dev_Led2_2 New Net Name=NetD8_2
Change Net Name : Old Net Name=NetD6_U_Con_Dev_Led1_1 New Net Name=NetD1_1
Change Net Name : Old Net Name=NetD6_U_Con_Dev_Led1_2 New Net Name=NetD1_2
Change Net Name : Old Net Name=NetD6_U_Con_Dev_Led2_1 New Net Name=NetD5_1
Change Net Name : Old Net Name=NetD6_U_Con_Dev_Led2_2 New Net Name=NetD5_2
Change Net Name : Old Net Name=NetR3_1 New Net Name=NetR12_1
Change Net Name : Old Net Name=NetR6_1 New Net Name=NetR9_1
Change Net Name : Old Net Name=NetR8_2 New Net Name=NetR16_2
Change Net Name : Old Net Name=NetR10_2 New Net Name=NetR18_2
Change Net Name : Old Net Name=NetR12_2 New Net Name=NetR20_2
Change Net Name : Old Net Name=NetR14_2 New Net Name=NetR22_2
Change Net Name : Old Net Name=NetR16_2 New Net Name=NetR24_2
Change Net Name : Old Net Name=NetR18_2 New Net Name=NetR26_2
Change Net Name : Old Net Name=NetR20_2 New Net Name=NetR28_2
Change Net Name : Old Net Name=NetR22_2 New Net Name=NetR30_2
Added Member To Class: ClassName=U_Con_Dev_Mem Member=Component C1 (C6) Cap
Added Member To Class: ClassName=Designator Member=Component C4 (C3) Cap
Added Member To Class: ClassName=Designator Member=Component C6 (C5) Cap
Added Member To Class: ClassName=Designator Member=Component D9 (D1) 
Added Member To Class: ClassName=U_PWR Member=Component D10 (D5) 
Added Member To Class: ClassName=Designator Member=Component P11 (P2) DBG_UART
Added Member To Class: ClassName=Designator Member=Component R9 (R1) Res2
Added Member To Class: ClassName=Designator Member=Component R10 (R2) Res2
Added Member To Class: ClassName=Designator Member=Component R11 (R3) Res2
Added Member To Class: ClassName=Designator Member=Component R12 (R4) Res2
Added Member To Class: ClassName=Designator Member=Component R13 (R5) Res2
Added Member To Class: ClassName=Designator Member=Component R14 (R6) Res2
Added Member To Class: ClassName=U_Con_Dev_Btn1 Member=Component R16 (R7) Res2
Added Member To Class: ClassName=U_Con_Dev_Btn1 Member=Component R17 (R8) Res2
Added Member To Class: ClassName=U_Con_Dev_Btn2 Member=Component R18 (R7) Res2
Added Member To Class: ClassName=U_Con_Dev_Btn3 Member=Component R20 (R7) Res2
Added Member To Class: ClassName=U_Con_Dev_Btn3 Member=Component R21 (R8) Res2
Added Member To Class: ClassName=U_Con_Dev_Btn4 Member=Component R23 (R8) Res2
Added Member To Class: ClassName=U_Con_Dev_Btn5 Member=Component R24 (R7) Res2
Added Member To Class: ClassName=U_Con_Dev_Btn6 Member=Component R27 (R8) Res2
Added Member To Class: ClassName=U_Con_Dev_Btn7 Member=Component R28 (R7) Res2
Added Member To Class: ClassName=U_Con_Dev_Btn7 Member=Component R29 (R8) Res2
Added Member To Class: ClassName=U_Con_Dev_Btn8 Member=Component R30 (R7) Res2
