Removed Member From Class: ClassName=U_Con_Dev Member=P10
Removed Member From Class: ClassName=U_Con_Dev Member=P11
Removed Member From Class: ClassName=Designator Member=R18
Change Component Designator: OldDesignator=D4 NewDesignator=D1
Change Component Designator: OldDesignator=P10 NewDesignator=P4
Change Component Designator: OldDesignator=P11 NewDesignator=P5
Change Component Designator: OldDesignator=R6_U_Con_Dev_Btn1 NewDesignator=R7_U_Con_Dev_Btn1
Change Component Designator: OldDesignator=R6_U_Con_Dev_Btn2 NewDesignator=R7_U_Con_Dev_Btn2
Change Component Designator: OldDesignator=R6_U_Con_Dev_Btn3 NewDesignator=R7_U_Con_Dev_Btn3
Change Component Designator: OldDesignator=R6_U_Con_Dev_Btn4 NewDesignator=R7_U_Con_Dev_Btn4
Change Component Designator: OldDesignator=R6_U_Con_Dev_Btn5 NewDesignator=R7_U_Con_Dev_Btn5
Change Component Designator: OldDesignator=R6_U_Con_Dev_Btn6 NewDesignator=R7_U_Con_Dev_Btn6
Change Component Designator: OldDesignator=R6_U_Con_Dev_Btn7 NewDesignator=R7_U_Con_Dev_Btn7
Change Component Designator: OldDesignator=R6_U_Con_Dev_Btn8 NewDesignator=R7_U_Con_Dev_Btn8
Change Component Designator: OldDesignator=R7 NewDesignator=R13
Change Component Designator: OldDesignator=R10_U_Con_Dev_Btn1 NewDesignator=R8_U_Con_Dev_Btn1
Change Component Designator: OldDesignator=R10_U_Con_Dev_Btn2 NewDesignator=R8_U_Con_Dev_Btn2
Change Component Designator: OldDesignator=R10_U_Con_Dev_Btn3 NewDesignator=R8_U_Con_Dev_Btn3
Change Component Designator: OldDesignator=R10_U_Con_Dev_Btn4 NewDesignator=R8_U_Con_Dev_Btn4
Change Component Designator: OldDesignator=R10_U_Con_Dev_Btn5 NewDesignator=R8_U_Con_Dev_Btn5
Change Component Designator: OldDesignator=R10_U_Con_Dev_Btn6 NewDesignator=R8_U_Con_Dev_Btn6
Change Component Designator: OldDesignator=R10_U_Con_Dev_Btn7 NewDesignator=R8_U_Con_Dev_Btn7
Change Component Designator: OldDesignator=R10_U_Con_Dev_Btn8 NewDesignator=R8_U_Con_Dev_Btn8
Change Component Designator: OldDesignator=R18 NewDesignator=R1
Change Component Designator: OldDesignator=SW1_U_Con_Dev_Btn1 NewDesignator=SW2_U_Con_Dev_Btn1
Change Component Designator: OldDesignator=SW1_U_Con_Dev_Btn2 NewDesignator=SW2_U_Con_Dev_Btn2
Change Component Designator: OldDesignator=SW1_U_Con_Dev_Btn3 NewDesignator=SW2_U_Con_Dev_Btn3
Change Component Designator: OldDesignator=SW1_U_Con_Dev_Btn4 NewDesignator=SW2_U_Con_Dev_Btn4
Change Component Designator: OldDesignator=SW1_U_Con_Dev_Btn5 NewDesignator=SW2_U_Con_Dev_Btn5
Change Component Designator: OldDesignator=SW1_U_Con_Dev_Btn6 NewDesignator=SW2_U_Con_Dev_Btn6
Change Component Designator: OldDesignator=SW1_U_Con_Dev_Btn7 NewDesignator=SW2_U_Con_Dev_Btn7
Change Component Designator: OldDesignator=SW1_U_Con_Dev_Btn8 NewDesignator=SW2_U_Con_Dev_Btn8
Change Component Designator: OldDesignator=SW2 NewDesignator=SW1
Change Net Name : Old Net Name=NetD4_1 New Net Name=NetD1_1
Change Net Name : Old Net Name=NetR6_U_Con_Dev_Btn1_2 New Net Name=NetR7_U_Con_Dev_Btn1_2
Change Net Name : Old Net Name=NetR6_U_Con_Dev_Btn2_2 New Net Name=NetR7_U_Con_Dev_Btn2_2
Change Net Name : Old Net Name=NetR6_U_Con_Dev_Btn3_2 New Net Name=NetR7_U_Con_Dev_Btn3_2
Change Net Name : Old Net Name=NetR6_U_Con_Dev_Btn4_2 New Net Name=NetR7_U_Con_Dev_Btn4_2
Change Net Name : Old Net Name=NetR6_U_Con_Dev_Btn5_2 New Net Name=NetR7_U_Con_Dev_Btn5_2
Change Net Name : Old Net Name=NetR6_U_Con_Dev_Btn6_2 New Net Name=NetR7_U_Con_Dev_Btn6_2
Change Net Name : Old Net Name=NetR6_U_Con_Dev_Btn7_2 New Net Name=NetR7_U_Con_Dev_Btn7_2
Change Net Name : Old Net Name=NetR6_U_Con_Dev_Btn8_2 New Net Name=NetR7_U_Con_Dev_Btn8_2
Change Net Name : Old Net Name=NetR18_1 New Net Name=NetR1_1
Added Member To Class: ClassName=U_Con_Dev Member=Component P4 (P6) CAN
Added Member To Class: ClassName=U_Con_Dev Member=Component P5 (P7) SPI1
Added Member To Class: ClassName=Designator Member=Component R1 (R2) Res2
